Using pre-set license
Built from '2020.3/release' branch; Version is '2020.3.12f1 (b3b2c6512326) revision 11776710'; Using compiler version '192528614'; Build Type 'Release'
OS: 'Windows 10 Pro; OS build 18363.418; Version 1909; 64bit' Language: 'ru' Physical Memory: 6028 MB
BatchMode: 1, IsHumanControllingUs: 0, StartBugReporterOnCrash: 0, Is64bit: 1, IsPro: 0

 COMMAND LINE ARGUMENTS:
S:\Unity\2020.3.12f1\Editor\Unity.exe
-adb2
-batchMode
-noUpm
-name
AssetImportWorker0
-projectPath
S:/Unity/SuperPlaneAdventure
-logFile
Logs/AssetImportWorker0.log
-srvPort
56860
Successfully changed project path to: S:/Unity/SuperPlaneAdventure
S:/Unity/SuperPlaneAdventure
Using Asset Import Pipeline V2.
Refreshing native plugins compatible for Editor in 39.49 ms, found 2 plugins.
Preloading 0 native plugins for Editor in 0.00 ms.
Initialize engine version: 2020.3.12f1 (b3b2c6512326)
[Subsystems] Discovering subsystems at path S:/Unity/2020.3.12f1/Editor/Data/Resources/UnitySubsystems
[Subsystems] Discovering subsystems at path S:/Unity/SuperPlaneAdventure/Assets
GfxDevice: creating device client; threaded=0
Direct3D:
    Version:  Direct3D 11.0 [level 11.0]
    Renderer: NVIDIA GeForce 940M (ID=0x1347)
    Vendor:   
    VRAM:     2010 MB
    Driver:   27.21.14.5167
Initialize mono
Mono path[0] = 'S:/Unity/2020.3.12f1/Editor/Data/Managed'
Mono path[1] = 'S:/Unity/2020.3.12f1/Editor/Data/MonoBleedingEdge/lib/mono/unityjit'
Mono config path = 'S:/Unity/2020.3.12f1/Editor/Data/MonoBleedingEdge/etc'
Using monoOptions --debugger-agent=transport=dt_socket,embedding=1,server=y,suspend=n,address=127.0.0.1:56936
Begin MonoManager ReloadAssembly
Registering precompiled unity dll's ...
Register platform support module: S:/Unity/2020.3.12f1/Editor/Data/PlaybackEngines/WebGLSupport/UnityEditor.WebGL.Extensions.dll
Register platform support module: S:/Unity/2020.3.12f1/Editor/Data/PlaybackEngines/WindowsStandaloneSupport/UnityEditor.WindowsStandalone.Extensions.dll
Registered in 0.003386 seconds.
Native extension for WindowsStandalone target not found
Native extension for WebGL target not found
Refreshing native plugins compatible for Editor in 47.89 ms, found 2 plugins.
Preloading 0 native plugins for Editor in 0.00 ms.
Mono: successfully reloaded assembly
- Completed reload, in  2.197 seconds
Platform modules already initialized, skipping
Registering precompiled user dll's ...
Registered in 0.013135 seconds.
Begin MonoManager ReloadAssembly
Native extension for WindowsStandalone target not found
Native extension for WebGL target not found
Refreshing native plugins compatible for Editor in 0.41 ms, found 2 plugins.
Preloading 0 native plugins for Editor in 0.00 ms.
Mono: successfully reloaded assembly
- Completed reload, in  1.480 seconds
Platform modules already initialized, skipping
========================================================================
Worker process is ready to serve import requests
Launched and connected shader compiler UnityShaderCompiler.exe after 0.07 seconds
Refreshing native plugins compatible for Editor in 0.34 ms, found 2 plugins.
Preloading 0 native plugins for Editor in 0.00 ms.
Unloading 1386 Unused Serialized files (Serialized files now loaded: 0)
System memory in use before: 64.7 MB.
System memory in use after: 64.7 MB.

Unloading 19 unused Assets to reduce memory usage. Loaded Objects now: 1819.
Total: 2.305400 ms (FindLiveObjects: 0.154300 ms CreateObjectMapping: 0.060800 ms MarkObjects: 1.983600 ms  DeleteObjects: 0.104800 ms)

AssetImportParameters requested are different than current active one (requested -> active):
  custom:framework-win-MediaFoundation: 216162199b28c13a410421893ffa2e32 -> 
  custom:video-decoder-ogg-theora: a1e56fd34408186e4bbccfd4996cb3dc -> 
  custom:container-muxer-webm: aa71ff27fc2769a1b78a27578f13a17b -> 
  custom:container-demuxer-webm: 4f35f7cbe854078d1ac9338744f61a02 -> 
  custom:container-demuxer-ogg: 62fdf1f143b41e24485cea50d1cbac27 -> 
  custom:video-encoder-webm-vp8: eb34c28f22e8b96e1ab97ce403110664 -> 
  custom:video-decoder-webm-vp8: 9c59270c3fd7afecdb556c50c9e8de78 -> 
  custom:audio-decoder-ogg-vorbis: bf7c407c2cedff20999df2af8eb42d56 -> 
  custom:audio-encoder-webm-vorbis: bf7c407c2cedff20999df2af8eb42d56 -> 
========================================================================
Received Import Request.
  path: Assets/Prefabs
  artifactKey: Guid(b36a678d503cc0741adcd7c149c4b094) Importer(815301076,1909f56bfc062723c751e8b465ee728b)
Start importing Assets/Prefabs using Guid(b36a678d503cc0741adcd7c149c4b094) Importer(815301076,1909f56bfc062723c751e8b465ee728b)  -> (artifact id: 'ca854503c1c40237345bb61323b997b4') in 0.018561 seconds 
  Import took 0.024257 seconds .

========================================================================
Received Import Request.
  Time since last request: 23.824540 seconds.
  path: Assets/Prefabs/Character.prefab
  artifactKey: Guid(d6b39033621b6b244b8c3826fbab8ba1) Importer(815301076,1909f56bfc062723c751e8b465ee728b)
Start importing Assets/Prefabs/Character.prefab using Guid(d6b39033621b6b244b8c3826fbab8ba1) Importer(815301076,1909f56bfc062723c751e8b465ee728b)  -> (artifact id: 'b8c5703339703c2c35101dffb94cfdbb') in 1.221138 seconds 
  Import took 1.225694 seconds .

========================================================================
Received Import Request.
  Time since last request: 0.000229 seconds.
  path: Assets/Prefabs/Coin.prefab
  artifactKey: Guid(61901a6d8ea87a34199adc96062ee7ba) Importer(815301076,1909f56bfc062723c751e8b465ee728b)
Start importing Assets/Prefabs/Coin.prefab using Guid(61901a6d8ea87a34199adc96062ee7ba) Importer(815301076,1909f56bfc062723c751e8b465ee728b)  -> (artifact id: '2e97717770904c0315409cbbff5d33aa') in 0.057189 seconds 
  Import took 0.062300 seconds .

========================================================================
Received Prepare
Registering precompiled user dll's ...
Registered in 0.008932 seconds.
Begin MonoManager ReloadAssembly
Native extension for WindowsStandalone target not found
Native extension for WebGL target not found
Refreshing native plugins compatible for Editor in 0.35 ms, found 2 plugins.
Preloading 0 native plugins for Editor in 0.00 ms.
Mono: successfully reloaded assembly
- Completed reload, in  1.284 seconds
Platform modules already initialized, skipping
Refreshing native plugins compatible for Editor in 0.35 ms, found 2 plugins.
Preloading 0 native plugins for Editor in 0.00 ms.
Unloading 1383 Unused Serialized files (Serialized files now loaded: 0)
System memory in use before: 68.3 MB.
System memory in use after: 68.4 MB.

Unloading 14 unused Assets to reduce memory usage. Loaded Objects now: 1835.
Total: 2.229500 ms (FindLiveObjects: 0.152800 ms CreateObjectMapping: 0.056700 ms MarkObjects: 1.958500 ms  DeleteObjects: 0.060400 ms)

AssetImportParameters requested are different than current active one (requested -> active):
  custom:framework-win-MediaFoundation: 216162199b28c13a410421893ffa2e32 -> 
  custom:video-decoder-ogg-theora: a1e56fd34408186e4bbccfd4996cb3dc -> 
  custom:container-muxer-webm: aa71ff27fc2769a1b78a27578f13a17b -> 
  custom:container-demuxer-webm: 4f35f7cbe854078d1ac9338744f61a02 -> 
  custom:container-demuxer-ogg: 62fdf1f143b41e24485cea50d1cbac27 -> 
  custom:video-encoder-webm-vp8: eb34c28f22e8b96e1ab97ce403110664 -> 
  custom:video-decoder-webm-vp8: 9c59270c3fd7afecdb556c50c9e8de78 -> 
  custom:audio-decoder-ogg-vorbis: bf7c407c2cedff20999df2af8eb42d56 -> 
  custom:audio-encoder-webm-vorbis: bf7c407c2cedff20999df2af8eb42d56 -> 
========================================================================
Received Import Request.
  Time since last request: 79.386127 seconds.
  path: Assets/Scenes
  artifactKey: Guid(631a0173e54542949988378e2db0ad95) Importer(815301076,1909f56bfc062723c751e8b465ee728b)
Start importing Assets/Scenes using Guid(631a0173e54542949988378e2db0ad95) Importer(815301076,1909f56bfc062723c751e8b465ee728b)  -> (artifact id: 'ea73307c4ae9f3b92314403f46a7ae44') in 0.013319 seconds 
  Import took 0.016897 seconds .

========================================================================
Received Import Request.
  Time since last request: 709.595156 seconds.
  path: Assets/Prefabs/Character.prefab
  artifactKey: Guid(d6b39033621b6b244b8c3826fbab8ba1) Importer(815301076,1909f56bfc062723c751e8b465ee728b)
Start importing Assets/Prefabs/Character.prefab using Guid(d6b39033621b6b244b8c3826fbab8ba1) Importer(815301076,1909f56bfc062723c751e8b465ee728b)  -> (artifact id: '62b5b7820b1c405ee49d81d857c40021') in 0.186380 seconds 
  Import took 0.195672 seconds .

========================================================================
Received Import Request.
  Time since last request: 0.000249 seconds.
  path: Assets/Prefabs/Coin.prefab
  artifactKey: Guid(61901a6d8ea87a34199adc96062ee7ba) Importer(815301076,1909f56bfc062723c751e8b465ee728b)
Start importing Assets/Prefabs/Coin.prefab using Guid(61901a6d8ea87a34199adc96062ee7ba) Importer(815301076,1909f56bfc062723c751e8b465ee728b)  -> (artifact id: 'f5c85671f281aed2527248925b2f5028') in 0.096504 seconds 
  Import took 0.101018 seconds .

========================================================================
Received Import Request.
  Time since last request: 115.078413 seconds.
  path: Assets/Material
  artifactKey: Guid(a8ebd032d658e314682e7943ed873e02) Importer(815301076,1909f56bfc062723c751e8b465ee728b)
Start importing Assets/Material using Guid(a8ebd032d658e314682e7943ed873e02) Importer(815301076,1909f56bfc062723c751e8b465ee728b)  -> (artifact id: 'b508318ca98cb6f6f8a4b7c799120c00') in 0.012887 seconds 
  Import took 0.017594 seconds .

========================================================================
Received Import Request.
  Time since last request: 0.071315 seconds.
  path: Assets/Material/Body.mat
  artifactKey: Guid(8a71f386eaf19af44b552387a87b87a8) Importer(815301076,1909f56bfc062723c751e8b465ee728b)
Start importing Assets/Material/Body.mat using Guid(8a71f386eaf19af44b552387a87b87a8) Importer(815301076,1909f56bfc062723c751e8b465ee728b)  -> (artifact id: '566ce6fe7465d2b6464d5de86c2fba19') in 0.105621 seconds 
  Import took 0.109195 seconds .

========================================================================
Received Import Request.
  Time since last request: 0.000211 seconds.
  path: Assets/Material/Pupil.mat
  artifactKey: Guid(1734f0dd22743574d98021d6aea3df2d) Importer(815301076,1909f56bfc062723c751e8b465ee728b)
Start importing Assets/Material/Pupil.mat using Guid(1734f0dd22743574d98021d6aea3df2d) Importer(815301076,1909f56bfc062723c751e8b465ee728b)  -> (artifact id: '01b1b689ec3749d56e305e0555d7d712') in 0.024234 seconds 
  Import took 0.028060 seconds .

========================================================================
Received Import Request.
  Time since last request: 0.000261 seconds.
  path: Assets/Material/Cloth.mat
  artifactKey: Guid(bd88fbaf61f34da438b5c3df63f48de6) Importer(815301076,1909f56bfc062723c751e8b465ee728b)
Start importing Assets/Material/Cloth.mat using Guid(bd88fbaf61f34da438b5c3df63f48de6) Importer(815301076,1909f56bfc062723c751e8b465ee728b)  -> (artifact id: '7d9852ea3b8667cdda191fbdf7625996') in 0.068602 seconds 
  Import took 0.072850 seconds .

========================================================================
Received Import Request.
  Time since last request: 0.000198 seconds.
  path: Assets/Material/Character.physicMaterial
  artifactKey: Guid(af6dc4d66599b104fa274ed4183945ef) Importer(815301076,1909f56bfc062723c751e8b465ee728b)
Start importing Assets/Material/Character.physicMaterial using Guid(af6dc4d66599b104fa274ed4183945ef) Importer(815301076,1909f56bfc062723c751e8b465ee728b)  -> (artifact id: 'ec2cc220f8be95fda4bdda2d051d12e5') in 0.008003 seconds 
  Import took 0.011458 seconds .

========================================================================
Received Import Request.
  Time since last request: 0.000236 seconds.
  path: Assets/Material/Coin.mat
  artifactKey: Guid(341bd4f5581907e4dab8983087bb66d3) Importer(815301076,1909f56bfc062723c751e8b465ee728b)
Start importing Assets/Material/Coin.mat using Guid(341bd4f5581907e4dab8983087bb66d3) Importer(815301076,1909f56bfc062723c751e8b465ee728b)  -> (artifact id: 'b7770c126a6d5c96d6fdc8ba4226117c') in 0.054311 seconds 
  Import took 0.063137 seconds .

========================================================================
Received Import Request.
  Time since last request: 0.000242 seconds.
  path: Assets/Material/Eye.mat
  artifactKey: Guid(775e580d818250c4d86632a0ab8c9abd) Importer(815301076,1909f56bfc062723c751e8b465ee728b)
Start importing Assets/Material/Eye.mat using Guid(775e580d818250c4d86632a0ab8c9abd) Importer(815301076,1909f56bfc062723c751e8b465ee728b)  -> (artifact id: 'a6bf567aa5e182f067a54e599c1f4529') in 0.022273 seconds 
  Import took 0.025501 seconds .

========================================================================
Received Import Request.
  Time since last request: 0.000231 seconds.
  path: Assets/Material/Nose.mat
  artifactKey: Guid(0407288eecb168842a35968cc262d3c1) Importer(815301076,1909f56bfc062723c751e8b465ee728b)
Start importing Assets/Material/Nose.mat using Guid(0407288eecb168842a35968cc262d3c1) Importer(815301076,1909f56bfc062723c751e8b465ee728b)  -> (artifact id: '95019b182ddd177e4a28f0e62fe933aa') in 0.057834 seconds 
  Import took 0.061588 seconds .

========================================================================
Received Import Request.
  Time since last request: 10.546925 seconds.
  path: Assets/Material/Plane.mat
  artifactKey: Guid(e5129383c67b30c42ad66ee767431c0d) Importer(815301076,1909f56bfc062723c751e8b465ee728b)
Start importing Assets/Material/Plane.mat using Guid(e5129383c67b30c42ad66ee767431c0d) Importer(815301076,1909f56bfc062723c751e8b465ee728b)  -> (artifact id: '4bad172dd519d951f42ffd973d409430') in 0.035714 seconds 
  Import took 0.039396 seconds .

========================================================================
Received Import Request.
  Time since last request: 182.418137 seconds.
  path: Assets/Material/Plane.mat
  artifactKey: Guid(e5129383c67b30c42ad66ee767431c0d) Importer(815301076,1909f56bfc062723c751e8b465ee728b)
Start importing Assets/Material/Plane.mat using Guid(e5129383c67b30c42ad66ee767431c0d) Importer(815301076,1909f56bfc062723c751e8b465ee728b)  -> (artifact id: '26b476fd5fb25d5f53e2133a461f8baa') in 0.022496 seconds 
  Import took 0.026797 seconds .

========================================================================
Received Import Request.
  Time since last request: 287.507831 seconds.
  path: Assets/Material/Brown.mat
  artifactKey: Guid(aed12a241aaea504abfa6b37f365f28f) Importer(815301076,1909f56bfc062723c751e8b465ee728b)
Start importing Assets/Material/Brown.mat using Guid(aed12a241aaea504abfa6b37f365f28f) Importer(815301076,1909f56bfc062723c751e8b465ee728b)  -> (artifact id: '3a5e721413c478759442cda731e56848') in 0.028149 seconds 
  Import took 0.032150 seconds .

========================================================================
Received Import Request.
  Time since last request: 35.042165 seconds.
  path: Assets/Material/Brown.mat
  artifactKey: Guid(aed12a241aaea504abfa6b37f365f28f) Importer(815301076,1909f56bfc062723c751e8b465ee728b)
Start importing Assets/Material/Brown.mat using Guid(aed12a241aaea504abfa6b37f365f28f) Importer(815301076,1909f56bfc062723c751e8b465ee728b)  -> (artifact id: 'e5a3e535123c3cd2bc3f05407721e922') in 0.023044 seconds 
  Import took 0.029739 seconds .

